8.1.1 21-08-2025 04:15:07 Starting new session. Mods: examplemod 
8.1.1 21-08-2025 04:15:19 MAJOR: null: Loading language: fr
8.1.1 21-08-2025 04:15:19 ERROR: null: Git conflict lines present in /workspaces/shiny-octo-pancake/servidor_minecraft/mods/millenaire/languages/zh_tw/quests_alchemist.txt
8.1.1 21-08-2025 04:15:19 ERROR: null: Git conflict lines present in /workspaces/shiny-octo-pancake/servidor_minecraft/mods/millenaire/languages/zh_tw/quests_sadhu.txt
8.1.1 21-08-2025 04:15:19 MAJOR: null: LanguageData loaded: fr. Wand invitem name: Wand of Summoning
8.1.1 21-08-2025 04:38:21 Starting new session. Mods: examplemod 
8.1.1 21-08-2025 04:38:31 MAJOR: null: Loading language: fr
8.1.1 21-08-2025 04:38:31 ERROR: null: Git conflict lines present in /workspaces/shiny-octo-pancake/servidor_minecraft/mods/millenaire/languages/zh_tw/quests_alchemist.txt
8.1.1 21-08-2025 04:38:31 ERROR: null: Git conflict lines present in /workspaces/shiny-octo-pancake/servidor_minecraft/mods/millenaire/languages/zh_tw/quests_sadhu.txt
8.1.1 21-08-2025 04:38:31 MAJOR: null: LanguageData loaded: fr. Wand invitem name: Wand of Summoning
8.1.1 21-08-2025 05:25:39 Starting new session. Mods: examplemod 
8.1.1 21-08-2025 05:25:51 MAJOR: null: Loading language: fr
8.1.1 21-08-2025 05:25:52 ERROR: null: Git conflict lines present in /workspaces/shiny-octo-pancake/servidor_minecraft/mods/millenaire/languages/zh_tw/quests_alchemist.txt
8.1.1 21-08-2025 05:25:52 ERROR: null: Git conflict lines present in /workspaces/shiny-octo-pancake/servidor_minecraft/mods/millenaire/languages/zh_tw/quests_sadhu.txt
8.1.1 21-08-2025 05:25:52 MAJOR: null: LanguageData loaded: fr. Wand invitem name: Wand of Summoning
8.1.1 21-08-2025 06:27:39 ERROR: org.millenaire.common.village.buildingmanagers.PanelManager@2188f910: No TileEntitySign at: -140/68/-692
8.1.1 21-08-2025 06:27:44 ERROR: org.millenaire.common.village.buildingmanagers.PanelManager@2188f910: No TileEntitySign at: -140/68/-692
8.1.1 21-08-2025 06:27:49 ERROR: org.millenaire.common.village.buildingmanagers.PanelManager@2188f910: No TileEntitySign at: -140/68/-692
8.1.1 21-08-2025 06:27:54 ERROR: org.millenaire.common.village.buildingmanagers.PanelManager@2188f910: No TileEntitySign at: -140/68/-692
8.1.1 21-08-2025 06:27:59 ERROR: org.millenaire.common.village.buildingmanagers.PanelManager@2188f910: No TileEntitySign at: -140/68/-692
8.1.1 21-08-2025 06:28:04 ERROR: org.millenaire.common.village.buildingmanagers.PanelManager@2188f910: No TileEntitySign at: -140/68/-692
8.1.1 21-08-2025 06:28:09 ERROR: org.millenaire.common.village.buildingmanagers.PanelManager@2188f910: No TileEntitySign at: -140/68/-692
8.1.1 21-08-2025 06:28:14 ERROR: org.millenaire.common.village.buildingmanagers.PanelManager@2188f910: No TileEntitySign at: -140/68/-692
8.1.1 21-08-2025 06:28:19 ERROR: org.millenaire.common.village.buildingmanagers.PanelManager@2188f910: No TileEntitySign at: -140/68/-692
8.1.1 21-08-2025 06:28:24 ERROR: org.millenaire.common.village.buildingmanagers.PanelManager@2188f910: No TileEntitySign at: -140/68/-692
8.1.1 21-08-2025 06:28:29 ERROR: org.millenaire.common.village.buildingmanagers.PanelManager@2188f910: No TileEntitySign at: -140/68/-692
8.1.1 21-08-2025 06:28:34 ERROR: org.millenaire.common.village.buildingmanagers.PanelManager@2188f910: No TileEntitySign at: -140/68/-692
8.1.1 21-08-2025 06:28:39 ERROR: org.millenaire.common.village.buildingmanagers.PanelManager@2188f910: No TileEntitySign at: -140/68/-692
8.1.1 21-08-2025 06:28:44 ERROR: org.millenaire.common.village.buildingmanagers.PanelManager@2188f910: No TileEntitySign at: -140/68/-692
8.1.1 21-08-2025 06:28:49 ERROR: org.millenaire.common.village.buildingmanagers.PanelManager@2188f910: No TileEntitySign at: -140/68/-692
8.1.1 21-08-2025 06:28:54 ERROR: org.millenaire.common.village.buildingmanagers.PanelManager@2188f910: No TileEntitySign at: -140/68/-692
8.1.1 21-08-2025 06:28:59 ERROR: org.millenaire.common.village.buildingmanagers.PanelManager@2188f910: No TileEntitySign at: -140/68/-692
8.1.1 21-08-2025 06:29:04 ERROR: org.millenaire.common.village.buildingmanagers.PanelManager@2188f910: No TileEntitySign at: -140/68/-692
8.1.1 21-08-2025 06:29:10 ERROR: org.millenaire.common.village.buildingmanagers.PanelManager@2188f910: No TileEntitySign at: -140/68/-692
8.1.1 21-08-2025 06:29:15 ERROR: org.millenaire.common.village.buildingmanagers.PanelManager@2188f910: No TileEntitySign at: -140/68/-692
8.1.1 21-08-2025 06:29:20 ERROR: org.millenaire.common.village.buildingmanagers.PanelManager@2188f910: No TileEntitySign at: -140/68/-692
8.1.1 21-08-2025 06:29:25 ERROR: org.millenaire.common.village.buildingmanagers.PanelManager@2188f910: No TileEntitySign at: -140/68/-692
8.1.1 21-08-2025 06:29:30 ERROR: org.millenaire.common.village.buildingmanagers.PanelManager@2188f910: No TileEntitySign at: -140/68/-692
8.1.1 21-08-2025 06:29:35 ERROR: org.millenaire.common.village.buildingmanagers.PanelManager@2188f910: No TileEntitySign at: -140/68/-692
8.1.1 21-08-2025 06:29:40 ERROR: org.millenaire.common.village.buildingmanagers.PanelManager@2188f910: No TileEntitySign at: -140/68/-692
8.1.1 21-08-2025 06:29:45 ERROR: org.millenaire.common.village.buildingmanagers.PanelManager@2188f910: No TileEntitySign at: -140/68/-692
8.1.1 21-08-2025 06:29:50 ERROR: org.millenaire.common.village.buildingmanagers.PanelManager@2188f910: No TileEntitySign at: -140/68/-692
8.1.1 21-08-2025 06:29:55 ERROR: org.millenaire.common.village.buildingmanagers.PanelManager@2188f910: No TileEntitySign at: -140/68/-692
8.1.1 21-08-2025 06:30:00 ERROR: org.millenaire.common.village.buildingmanagers.PanelManager@2188f910: No TileEntitySign at: -140/68/-692
8.1.1 21-08-2025 06:30:05 ERROR: org.millenaire.common.village.buildingmanagers.PanelManager@2188f910: No TileEntitySign at: -140/68/-692
8.1.1 21-08-2025 06:30:11 ERROR: org.millenaire.common.village.buildingmanagers.PanelManager@2188f910: No TileEntitySign at: -140/68/-692
8.1.1 21-08-2025 06:30:16 ERROR: org.millenaire.common.village.buildingmanagers.PanelManager@2188f910: No TileEntitySign at: -140/68/-692
8.1.1 21-08-2025 06:30:21 ERROR: org.millenaire.common.village.buildingmanagers.PanelManager@2188f910: No TileEntitySign at: -140/68/-692
8.1.1 21-08-2025 06:30:26 ERROR: org.millenaire.common.village.buildingmanagers.PanelManager@2188f910: No TileEntitySign at: -140/68/-692
8.1.1 21-08-2025 06:30:31 ERROR: org.millenaire.common.village.buildingmanagers.PanelManager@2188f910: No TileEntitySign at: -140/68/-692
8.1.1 21-08-2025 06:30:36 ERROR: org.millenaire.common.village.buildingmanagers.PanelManager@2188f910: No TileEntitySign at: -140/68/-692
8.1.1 21-08-2025 06:30:42 ERROR: org.millenaire.common.village.buildingmanagers.PanelManager@2188f910: No TileEntitySign at: -140/68/-692
8.1.1 21-08-2025 06:30:50 ERROR: org.millenaire.common.village.buildingmanagers.PanelManager@2188f910: No TileEntitySign at: -140/68/-692
8.1.1 21-08-2025 06:30:55 ERROR: org.millenaire.common.village.buildingmanagers.PanelManager@2188f910: No TileEntitySign at: -140/68/-692
8.1.1 21-08-2025 06:31:07 ERROR: org.millenaire.common.village.buildingmanagers.PanelManager@2188f910: No TileEntitySign at: -140/68/-692
8.1.1 21-08-2025 06:31:12 ERROR: org.millenaire.common.village.buildingmanagers.PanelManager@2188f910: No TileEntitySign at: -140/68/-692
8.1.1 21-08-2025 06:31:17 ERROR: org.millenaire.common.village.buildingmanagers.PanelManager@2188f910: No TileEntitySign at: -140/68/-692
8.1.1 21-08-2025 06:33:02 ERROR: org.millenaire.common.village.buildingmanagers.PanelManager@2188f910: No TileEntitySign at: -140/68/-692
8.1.1 21-08-2025 06:33:07 ERROR: org.millenaire.common.village.buildingmanagers.PanelManager@2188f910: No TileEntitySign at: -140/68/-692
8.1.1 21-08-2025 06:33:46 ERROR: org.millenaire.common.village.buildingmanagers.PanelManager@2188f910: No TileEntitySign at: -140/68/-692
8.1.1 21-08-2025 06:33:51 ERROR: org.millenaire.common.village.buildingmanagers.PanelManager@2188f910: No TileEntitySign at: -140/68/-692
8.1.1 21-08-2025 06:33:56 ERROR: org.millenaire.common.village.buildingmanagers.PanelManager@2188f910: No TileEntitySign at: -140/68/-692
8.1.1 21-08-2025 06:34:01 ERROR: org.millenaire.common.village.buildingmanagers.PanelManager@2188f910: No TileEntitySign at: -140/68/-692
8.1.1 21-08-2025 06:34:06 ERROR: org.millenaire.common.village.buildingmanagers.PanelManager@2188f910: No TileEntitySign at: -140/68/-692
8.1.1 21-08-2025 06:43:00 ERROR: org.millenaire.common.village.buildingmanagers.PanelManager@2188f910: No TileEntitySign at: -140/68/-692
8.1.1 21-08-2025 06:43:05 ERROR: org.millenaire.common.village.buildingmanagers.PanelManager@2188f910: No TileEntitySign at: -140/68/-692
8.1.1 21-08-2025 06:43:10 ERROR: org.millenaire.common.village.buildingmanagers.PanelManager@2188f910: No TileEntitySign at: -140/68/-692
8.1.1 21-08-2025 06:43:15 ERROR: org.millenaire.common.village.buildingmanagers.PanelManager@2188f910: No TileEntitySign at: -140/68/-692
8.1.1 21-08-2025 06:43:20 ERROR: org.millenaire.common.village.buildingmanagers.PanelManager@2188f910: No TileEntitySign at: -140/68/-692
8.1.1 21-08-2025 06:43:25 ERROR: org.millenaire.common.village.buildingmanagers.PanelManager@2188f910: No TileEntitySign at: -140/68/-692
8.1.1 21-08-2025 06:43:47 ERROR: org.millenaire.common.village.buildingmanagers.PanelManager@2188f910: No TileEntitySign at: -140/68/-692
8.1.1 21-08-2025 06:43:52 ERROR: org.millenaire.common.village.buildingmanagers.PanelManager@2188f910: No TileEntitySign at: -140/68/-692
8.1.1 21-08-2025 06:43:57 ERROR: org.millenaire.common.village.buildingmanagers.PanelManager@2188f910: No TileEntitySign at: -140/68/-692
8.1.1 21-08-2025 06:44:02 ERROR: org.millenaire.common.village.buildingmanagers.PanelManager@2188f910: No TileEntitySign at: -140/68/-692
8.1.1 21-08-2025 06:44:33 ERROR: org.millenaire.common.village.buildingmanagers.PanelManager@2188f910: No TileEntitySign at: -140/68/-692
8.1.1 21-08-2025 06:44:38 ERROR: org.millenaire.common.village.buildingmanagers.PanelManager@2188f910: No TileEntitySign at: -140/68/-692
8.1.1 21-08-2025 06:45:08 ERROR: org.millenaire.common.village.buildingmanagers.PanelManager@2188f910: No TileEntitySign at: -140/68/-692
8.1.1 21-08-2025 06:45:13 ERROR: org.millenaire.common.village.buildingmanagers.PanelManager@2188f910: No TileEntitySign at: -140/68/-692
8.1.1 21-08-2025 06:45:29 ERROR: org.millenaire.common.village.buildingmanagers.PanelManager@2188f910: No TileEntitySign at: -140/68/-692
8.1.1 21-08-2025 06:45:34 ERROR: org.millenaire.common.village.buildingmanagers.PanelManager@2188f910: No TileEntitySign at: -140/68/-692
8.1.1 21-08-2025 06:45:39 ERROR: org.millenaire.common.village.buildingmanagers.PanelManager@2188f910: No TileEntitySign at: -140/68/-692
8.1.1 21-08-2025 06:45:44 ERROR: org.millenaire.common.village.buildingmanagers.PanelManager@2188f910: No TileEntitySign at: -140/68/-692
8.1.1 21-08-2025 06:45:49 ERROR: org.millenaire.common.village.buildingmanagers.PanelManager@2188f910: No TileEntitySign at: -140/68/-692
8.1.1 21-08-2025 06:45:54 ERROR: org.millenaire.common.village.buildingmanagers.PanelManager@2188f910: No TileEntitySign at: -140/68/-692
8.1.1 21-08-2025 06:46:12 ERROR: org.millenaire.common.village.buildingmanagers.PanelManager@2188f910: No TileEntitySign at: -140/68/-692
8.1.1 21-08-2025 06:46:17 ERROR: org.millenaire.common.village.buildingmanagers.PanelManager@2188f910: No TileEntitySign at: -140/68/-692
8.1.1 21-08-2025 06:46:22 ERROR: org.millenaire.common.village.buildingmanagers.PanelManager@2188f910: No TileEntitySign at: -140/68/-692
8.1.1 21-08-2025 06:49:34 ERROR: org.millenaire.common.village.buildingmanagers.PanelManager@2188f910: No TileEntitySign at: -140/68/-692
8.1.1 21-08-2025 06:49:39 ERROR: org.millenaire.common.village.buildingmanagers.PanelManager@2188f910: No TileEntitySign at: -140/68/-692
8.1.1 21-08-2025 06:49:44 ERROR: org.millenaire.common.village.buildingmanagers.PanelManager@2188f910: No TileEntitySign at: -140/68/-692
8.1.1 21-08-2025 06:49:49 ERROR: org.millenaire.common.village.buildingmanagers.PanelManager@2188f910: No TileEntitySign at: -140/68/-692
8.1.1 21-08-2025 06:49:54 ERROR: org.millenaire.common.village.buildingmanagers.PanelManager@2188f910: No TileEntitySign at: -140/68/-692
8.1.1 21-08-2025 06:49:59 ERROR: org.millenaire.common.village.buildingmanagers.PanelManager@2188f910: No TileEntitySign at: -140/68/-692
8.1.1 21-08-2025 06:50:04 ERROR: org.millenaire.common.village.buildingmanagers.PanelManager@2188f910: No TileEntitySign at: -140/68/-692
8.1.1 21-08-2025 06:50:09 ERROR: org.millenaire.common.village.buildingmanagers.PanelManager@2188f910: No TileEntitySign at: -140/68/-692
8.1.1 21-08-2025 06:50:14 ERROR: org.millenaire.common.village.buildingmanagers.PanelManager@2188f910: No TileEntitySign at: -140/68/-692
8.1.1 21-08-2025 06:50:19 ERROR: org.millenaire.common.village.buildingmanagers.PanelManager@2188f910: No TileEntitySign at: -140/68/-692
8.1.1 21-08-2025 06:50:24 ERROR: org.millenaire.common.village.buildingmanagers.PanelManager@2188f910: No TileEntitySign at: -140/68/-692
8.1.1 21-08-2025 06:50:29 ERROR: org.millenaire.common.village.buildingmanagers.PanelManager@2188f910: No TileEntitySign at: -140/68/-692
8.1.1 21-08-2025 06:50:34 ERROR: org.millenaire.common.village.buildingmanagers.PanelManager@2188f910: No TileEntitySign at: -140/68/-692
8.1.1 21-08-2025 06:50:39 ERROR: org.millenaire.common.village.buildingmanagers.PanelManager@2188f910: No TileEntitySign at: -140/68/-692
8.1.1 21-08-2025 06:50:44 ERROR: org.millenaire.common.village.buildingmanagers.PanelManager@2188f910: No TileEntitySign at: -140/68/-692
8.1.1 21-08-2025 06:50:49 ERROR: org.millenaire.common.village.buildingmanagers.PanelManager@2188f910: No TileEntitySign at: -140/68/-692
8.1.1 21-08-2025 06:50:54 ERROR: org.millenaire.common.village.buildingmanagers.PanelManager@2188f910: No TileEntitySign at: -140/68/-692
8.1.1 21-08-2025 06:50:59 ERROR: org.millenaire.common.village.buildingmanagers.PanelManager@2188f910: No TileEntitySign at: -140/68/-692
8.1.1 21-08-2025 06:51:04 ERROR: org.millenaire.common.village.buildingmanagers.PanelManager@2188f910: No TileEntitySign at: -140/68/-692
8.1.1 21-08-2025 06:51:09 ERROR: org.millenaire.common.village.buildingmanagers.PanelManager@2188f910: No TileEntitySign at: -140/68/-692
8.1.1 21-08-2025 06:51:14 ERROR: org.millenaire.common.village.buildingmanagers.PanelManager@2188f910: No TileEntitySign at: -140/68/-692
8.1.1 21-08-2025 06:51:19 ERROR: org.millenaire.common.village.buildingmanagers.PanelManager@2188f910: No TileEntitySign at: -140/68/-692
8.1.1 25-08-2025 04:04:18 Starting new session. Mods: examplemod 
8.1.1 25-08-2025 04:04:29 MAJOR: null: Loading language: fr
8.1.1 25-08-2025 04:04:29 ERROR: null: Git conflict lines present in /workspaces/shiny-octo-pancake/servidor_minecraft/mods/millenaire/languages/zh_tw/quests_alchemist.txt
8.1.1 25-08-2025 04:04:29 ERROR: null: Git conflict lines present in /workspaces/shiny-octo-pancake/servidor_minecraft/mods/millenaire/languages/zh_tw/quests_sadhu.txt
8.1.1 25-08-2025 04:04:29 MAJOR: null: LanguageData loaded: fr. Wand invitem name: Wand of Summoning
